

Started GET "/" for 127.0.0.1 at 2014-02-19 22:27:47 -0800
Processing by Rails::WelcomeController#index as HTML
  Rendered C:/RailsInstaller/Ruby1.9.3/lib/ruby/gems/1.9.1/gems/railties-4.0.2/lib/rails/templates/rails/welcome/index.html.erb (3.0ms)
Completed 200 OK in 19ms (Views: 19.4ms | ActiveRecord: 0.0ms)


Started GET "/about" for 127.0.0.1 at 2014-02-19 22:27:51 -0800

ActionController::RoutingError (No route matches [GET] "/about"):
  actionpack (4.0.2) lib/action_dispatch/middleware/debug_exceptions.rb:21:in `call'
  actionpack (4.0.2) lib/action_dispatch/middleware/show_exceptions.rb:30:in `call'
  railties (4.0.2) lib/rails/rack/logger.rb:38:in `call_app'
  railties (4.0.2) lib/rails/rack/logger.rb:20:in `block in call'
  activesupport (4.0.2) lib/active_support/tagged_logging.rb:67:in `block in tagged'
  activesupport (4.0.2) lib/active_support/tagged_logging.rb:25:in `tagged'
  activesupport (4.0.2) lib/active_support/tagged_logging.rb:67:in `tagged'
  railties (4.0.2) lib/rails/rack/logger.rb:20:in `call'
  actionpack (4.0.2) lib/action_dispatch/middleware/request_id.rb:21:in `call'
  rack (1.5.2) lib/rack/methodoverride.rb:21:in `call'
  rack (1.5.2) lib/rack/runtime.rb:17:in `call'
  activesupport (4.0.2) lib/active_support/cache/strategy/local_cache.rb:83:in `call'
  rack (1.5.2) lib/rack/lock.rb:17:in `call'
  actionpack (4.0.2) lib/action_dispatch/middleware/static.rb:64:in `call'
  rack (1.5.2) lib/rack/sendfile.rb:112:in `call'
  railties (4.0.2) lib/rails/engine.rb:511:in `call'
  railties (4.0.2) lib/rails/application.rb:97:in `call'
  rack (1.5.2) lib/rack/lock.rb:17:in `call'
  rack (1.5.2) lib/rack/content_length.rb:14:in `call'
  rack (1.5.2) lib/rack/handler/webrick.rb:60:in `service'
  C:/RailsInstaller/Ruby1.9.3/lib/ruby/1.9.1/webrick/httpserver.rb:138:in `service'
  C:/RailsInstaller/Ruby1.9.3/lib/ruby/1.9.1/webrick/httpserver.rb:94:in `run'
  C:/RailsInstaller/Ruby1.9.3/lib/ruby/1.9.1/webrick/server.rb:191:in `block in start_thread'


  Rendered C:/RailsInstaller/Ruby1.9.3/lib/ruby/gems/1.9.1/gems/actionpack-4.0.2/lib/action_dispatch/middleware/templates/rescues/_trace.erb (0.0ms)
  Rendered C:/RailsInstaller/Ruby1.9.3/lib/ruby/gems/1.9.1/gems/actionpack-4.0.2/lib/action_dispatch/middleware/templates/routes/_route.html.erb (1.0ms)
  Rendered C:/RailsInstaller/Ruby1.9.3/lib/ruby/gems/1.9.1/gems/actionpack-4.0.2/lib/action_dispatch/middleware/templates/routes/_table.html.erb (11.0ms)
  Rendered C:/RailsInstaller/Ruby1.9.3/lib/ruby/gems/1.9.1/gems/actionpack-4.0.2/lib/action_dispatch/middleware/templates/rescues/routing_error.erb within rescues/layout (92.7ms)


Started GET "/home" for 127.0.0.1 at 2014-02-19 22:28:04 -0800

ActionController::RoutingError (No route matches [GET] "/home"):
  actionpack (4.0.2) lib/action_dispatch/middleware/debug_exceptions.rb:21:in `call'
  actionpack (4.0.2) lib/action_dispatch/middleware/show_exceptions.rb:30:in `call'
  railties (4.0.2) lib/rails/rack/logger.rb:38:in `call_app'
  railties (4.0.2) lib/rails/rack/logger.rb:20:in `block in call'
  activesupport (4.0.2) lib/active_support/tagged_logging.rb:67:in `block in tagged'
  activesupport (4.0.2) lib/active_support/tagged_logging.rb:25:in `tagged'
  activesupport (4.0.2) lib/active_support/tagged_logging.rb:67:in `tagged'
  railties (4.0.2) lib/rails/rack/logger.rb:20:in `call'
  actionpack (4.0.2) lib/action_dispatch/middleware/request_id.rb:21:in `call'
  rack (1.5.2) lib/rack/methodoverride.rb:21:in `call'
  rack (1.5.2) lib/rack/runtime.rb:17:in `call'
  activesupport (4.0.2) lib/active_support/cache/strategy/local_cache.rb:83:in `call'
  rack (1.5.2) lib/rack/lock.rb:17:in `call'
  actionpack (4.0.2) lib/action_dispatch/middleware/static.rb:64:in `call'
  rack (1.5.2) lib/rack/sendfile.rb:112:in `call'
  railties (4.0.2) lib/rails/engine.rb:511:in `call'
  railties (4.0.2) lib/rails/application.rb:97:in `call'
  rack (1.5.2) lib/rack/lock.rb:17:in `call'
  rack (1.5.2) lib/rack/content_length.rb:14:in `call'
  rack (1.5.2) lib/rack/handler/webrick.rb:60:in `service'
  C:/RailsInstaller/Ruby1.9.3/lib/ruby/1.9.1/webrick/httpserver.rb:138:in `service'
  C:/RailsInstaller/Ruby1.9.3/lib/ruby/1.9.1/webrick/httpserver.rb:94:in `run'
  C:/RailsInstaller/Ruby1.9.3/lib/ruby/1.9.1/webrick/server.rb:191:in `block in start_thread'


  Rendered C:/RailsInstaller/Ruby1.9.3/lib/ruby/gems/1.9.1/gems/actionpack-4.0.2/lib/action_dispatch/middleware/templates/rescues/_trace.erb (0.0ms)
  Rendered C:/RailsInstaller/Ruby1.9.3/lib/ruby/gems/1.9.1/gems/actionpack-4.0.2/lib/action_dispatch/middleware/templates/routes/_route.html.erb (1.0ms)
  Rendered C:/RailsInstaller/Ruby1.9.3/lib/ruby/gems/1.9.1/gems/actionpack-4.0.2/lib/action_dispatch/middleware/templates/routes/_table.html.erb (1.0ms)
  Rendered C:/RailsInstaller/Ruby1.9.3/lib/ruby/gems/1.9.1/gems/actionpack-4.0.2/lib/action_dispatch/middleware/templates/rescues/routing_error.erb within rescues/layout (28.0ms)


Started GET "/" for 127.0.0.1 at 2014-02-19 22:54:19 -0800
Processing by Rails::WelcomeController#index as HTML
  Rendered C:/RailsInstaller/Ruby1.9.3/lib/ruby/gems/1.9.1/gems/railties-4.0.2/lib/rails/templates/rails/welcome/index.html.erb (4.0ms)
Completed 200 OK in 30ms (Views: 30.0ms | ActiveRecord: 0.0ms)


Started GET "/rails/info/properties" for 127.0.0.1 at 2014-02-19 22:54:23 -0800
Processing by Rails::InfoController#properties as */*
  Rendered C:/RailsInstaller/Ruby1.9.3/lib/ruby/gems/1.9.1/gems/railties-4.0.2/lib/rails/templates/rails/info/properties.html.erb (0.0ms)
Completed 200 OK in 33ms (Views: 20.1ms | ActiveRecord: 3.0ms)


Started GET "/about" for 127.0.0.1 at 2014-02-19 22:54:35 -0800

ActionController::RoutingError (No route matches [GET] "/about"):
  actionpack (4.0.2) lib/action_dispatch/middleware/debug_exceptions.rb:21:in `call'
  actionpack (4.0.2) lib/action_dispatch/middleware/show_exceptions.rb:30:in `call'
  railties (4.0.2) lib/rails/rack/logger.rb:38:in `call_app'
  railties (4.0.2) lib/rails/rack/logger.rb:20:in `block in call'
  activesupport (4.0.2) lib/active_support/tagged_logging.rb:67:in `block in tagged'
  activesupport (4.0.2) lib/active_support/tagged_logging.rb:25:in `tagged'
  activesupport (4.0.2) lib/active_support/tagged_logging.rb:67:in `tagged'
  railties (4.0.2) lib/rails/rack/logger.rb:20:in `call'
  actionpack (4.0.2) lib/action_dispatch/middleware/request_id.rb:21:in `call'
  rack (1.5.2) lib/rack/methodoverride.rb:21:in `call'
  rack (1.5.2) lib/rack/runtime.rb:17:in `call'
  activesupport (4.0.2) lib/active_support/cache/strategy/local_cache.rb:83:in `call'
  rack (1.5.2) lib/rack/lock.rb:17:in `call'
  actionpack (4.0.2) lib/action_dispatch/middleware/static.rb:64:in `call'
  rack (1.5.2) lib/rack/sendfile.rb:112:in `call'
  railties (4.0.2) lib/rails/engine.rb:511:in `call'
  railties (4.0.2) lib/rails/application.rb:97:in `call'
  rack (1.5.2) lib/rack/lock.rb:17:in `call'
  rack (1.5.2) lib/rack/content_length.rb:14:in `call'
  rack (1.5.2) lib/rack/handler/webrick.rb:60:in `service'
  C:/RailsInstaller/Ruby1.9.3/lib/ruby/1.9.1/webrick/httpserver.rb:138:in `service'
  C:/RailsInstaller/Ruby1.9.3/lib/ruby/1.9.1/webrick/httpserver.rb:94:in `run'
  C:/RailsInstaller/Ruby1.9.3/lib/ruby/1.9.1/webrick/server.rb:191:in `block in start_thread'


  Rendered C:/RailsInstaller/Ruby1.9.3/lib/ruby/gems/1.9.1/gems/actionpack-4.0.2/lib/action_dispatch/middleware/templates/rescues/_trace.erb (1.0ms)
  Rendered C:/RailsInstaller/Ruby1.9.3/lib/ruby/gems/1.9.1/gems/actionpack-4.0.2/lib/action_dispatch/middleware/templates/routes/_route.html.erb (1.0ms)
  Rendered C:/RailsInstaller/Ruby1.9.3/lib/ruby/gems/1.9.1/gems/actionpack-4.0.2/lib/action_dispatch/middleware/templates/routes/_table.html.erb (10.0ms)
  Rendered C:/RailsInstaller/Ruby1.9.3/lib/ruby/gems/1.9.1/gems/actionpack-4.0.2/lib/action_dispatch/middleware/templates/rescues/routing_error.erb within rescues/layout (66.1ms)


Started GET "/" for 127.0.0.1 at 2014-02-19 23:20:35 -0800
Processing by Rails::WelcomeController#index as HTML
  Rendered C:/RailsInstaller/Ruby1.9.3/lib/ruby/gems/1.9.1/gems/railties-4.0.2/lib/rails/templates/rails/welcome/index.html.erb (4.0ms)
Completed 200 OK in 30ms (Views: 30.0ms | ActiveRecord: 0.0ms)


Started GET "/about" for 127.0.0.1 at 2014-02-19 23:20:41 -0800

ActionController::RoutingError (No route matches [GET] "/about"):
  actionpack (4.0.2) lib/action_dispatch/middleware/debug_exceptions.rb:21:in `call'
  actionpack (4.0.2) lib/action_dispatch/middleware/show_exceptions.rb:30:in `call'
  railties (4.0.2) lib/rails/rack/logger.rb:38:in `call_app'
  railties (4.0.2) lib/rails/rack/logger.rb:20:in `block in call'
  activesupport (4.0.2) lib/active_support/tagged_logging.rb:67:in `block in tagged'
  activesupport (4.0.2) lib/active_support/tagged_logging.rb:25:in `tagged'
  activesupport (4.0.2) lib/active_support/tagged_logging.rb:67:in `tagged'
  railties (4.0.2) lib/rails/rack/logger.rb:20:in `call'
  actionpack (4.0.2) lib/action_dispatch/middleware/request_id.rb:21:in `call'
  rack (1.5.2) lib/rack/methodoverride.rb:21:in `call'
  rack (1.5.2) lib/rack/runtime.rb:17:in `call'
  activesupport (4.0.2) lib/active_support/cache/strategy/local_cache.rb:83:in `call'
  rack (1.5.2) lib/rack/lock.rb:17:in `call'
  actionpack (4.0.2) lib/action_dispatch/middleware/static.rb:64:in `call'
  rack (1.5.2) lib/rack/sendfile.rb:112:in `call'
  railties (4.0.2) lib/rails/engine.rb:511:in `call'
  railties (4.0.2) lib/rails/application.rb:97:in `call'
  rack (1.5.2) lib/rack/lock.rb:17:in `call'
  rack (1.5.2) lib/rack/content_length.rb:14:in `call'
  rack (1.5.2) lib/rack/handler/webrick.rb:60:in `service'
  C:/RailsInstaller/Ruby1.9.3/lib/ruby/1.9.1/webrick/httpserver.rb:138:in `service'
  C:/RailsInstaller/Ruby1.9.3/lib/ruby/1.9.1/webrick/httpserver.rb:94:in `run'
  C:/RailsInstaller/Ruby1.9.3/lib/ruby/1.9.1/webrick/server.rb:191:in `block in start_thread'


  Rendered C:/RailsInstaller/Ruby1.9.3/lib/ruby/gems/1.9.1/gems/actionpack-4.0.2/lib/action_dispatch/middleware/templates/rescues/_trace.erb (1.0ms)
  Rendered C:/RailsInstaller/Ruby1.9.3/lib/ruby/gems/1.9.1/gems/actionpack-4.0.2/lib/action_dispatch/middleware/templates/routes/_route.html.erb (1.0ms)
  Rendered C:/RailsInstaller/Ruby1.9.3/lib/ruby/gems/1.9.1/gems/actionpack-4.0.2/lib/action_dispatch/middleware/templates/routes/_table.html.erb (11.0ms)
  Rendered C:/RailsInstaller/Ruby1.9.3/lib/ruby/gems/1.9.1/gems/actionpack-4.0.2/lib/action_dispatch/middleware/templates/rescues/routing_error.erb within rescues/layout (43.3ms)


Started GET "/" for 127.0.0.1 at 2014-02-19 23:26:02 -0800
Processing by Rails::WelcomeController#index as HTML
  Rendered C:/RailsInstaller/Ruby1.9.3/lib/ruby/gems/1.9.1/gems/railties-4.0.2/lib/rails/templates/rails/welcome/index.html.erb (4.0ms)
Completed 200 OK in 32ms (Views: 31.0ms | ActiveRecord: 0.0ms)


Started GET "/home" for 127.0.0.1 at 2014-02-19 23:26:06 -0800

ActionController::RoutingError (No route matches [GET] "/home"):
  actionpack (4.0.2) lib/action_dispatch/middleware/debug_exceptions.rb:21:in `call'
  actionpack (4.0.2) lib/action_dispatch/middleware/show_exceptions.rb:30:in `call'
  railties (4.0.2) lib/rails/rack/logger.rb:38:in `call_app'
  railties (4.0.2) lib/rails/rack/logger.rb:20:in `block in call'
  activesupport (4.0.2) lib/active_support/tagged_logging.rb:67:in `block in tagged'
  activesupport (4.0.2) lib/active_support/tagged_logging.rb:25:in `tagged'
  activesupport (4.0.2) lib/active_support/tagged_logging.rb:67:in `tagged'
  railties (4.0.2) lib/rails/rack/logger.rb:20:in `call'
  actionpack (4.0.2) lib/action_dispatch/middleware/request_id.rb:21:in `call'
  rack (1.5.2) lib/rack/methodoverride.rb:21:in `call'
  rack (1.5.2) lib/rack/runtime.rb:17:in `call'
  activesupport (4.0.2) lib/active_support/cache/strategy/local_cache.rb:83:in `call'
  rack (1.5.2) lib/rack/lock.rb:17:in `call'
  actionpack (4.0.2) lib/action_dispatch/middleware/static.rb:64:in `call'
  rack (1.5.2) lib/rack/sendfile.rb:112:in `call'
  railties (4.0.2) lib/rails/engine.rb:511:in `call'
  railties (4.0.2) lib/rails/application.rb:97:in `call'
  rack (1.5.2) lib/rack/lock.rb:17:in `call'
  rack (1.5.2) lib/rack/content_length.rb:14:in `call'
  rack (1.5.2) lib/rack/handler/webrick.rb:60:in `service'
  C:/RailsInstaller/Ruby1.9.3/lib/ruby/1.9.1/webrick/httpserver.rb:138:in `service'
  C:/RailsInstaller/Ruby1.9.3/lib/ruby/1.9.1/webrick/httpserver.rb:94:in `run'
  C:/RailsInstaller/Ruby1.9.3/lib/ruby/1.9.1/webrick/server.rb:191:in `block in start_thread'


  Rendered C:/RailsInstaller/Ruby1.9.3/lib/ruby/gems/1.9.1/gems/actionpack-4.0.2/lib/action_dispatch/middleware/templates/rescues/_trace.erb (1.0ms)
  Rendered C:/RailsInstaller/Ruby1.9.3/lib/ruby/gems/1.9.1/gems/actionpack-4.0.2/lib/action_dispatch/middleware/templates/routes/_route.html.erb (1.0ms)
  Rendered C:/RailsInstaller/Ruby1.9.3/lib/ruby/gems/1.9.1/gems/actionpack-4.0.2/lib/action_dispatch/middleware/templates/routes/_table.html.erb (9.0ms)
  Rendered C:/RailsInstaller/Ruby1.9.3/lib/ruby/gems/1.9.1/gems/actionpack-4.0.2/lib/action_dispatch/middleware/templates/rescues/routing_error.erb within rescues/layout (39.0ms)


Started GET "/static_pages/home" for 127.0.0.1 at 2014-02-19 23:26:47 -0800
Processing by StaticPagesController#home as HTML
  Rendered static_pages/home.html.erb within layouts/application (1.0ms)
Completed 200 OK in 1292ms (Views: 1292.0ms | ActiveRecord: 0.0ms)


Started GET "/assets/static_pages.css?body=1" for 127.0.0.1 at 2014-02-19 23:26:49 -0800


Started GET "/assets/application.css?body=1" for 127.0.0.1 at 2014-02-19 23:26:49 -0800


Started GET "/assets/jquery.js?body=1" for 127.0.0.1 at 2014-02-19 23:26:49 -0800


Started GET "/assets/jquery_ujs.js?body=1" for 127.0.0.1 at 2014-02-19 23:26:49 -0800


Started GET "/assets/turbolinks.js?body=1" for 127.0.0.1 at 2014-02-19 23:26:49 -0800


Started GET "/assets/static_pages.js?body=1" for 127.0.0.1 at 2014-02-19 23:26:49 -0800


Started GET "/assets/application.js?body=1" for 127.0.0.1 at 2014-02-19 23:26:49 -0800


Started GET "/static_pages/about" for 127.0.0.1 at 2014-02-19 23:26:58 -0800
Processing by StaticPagesController#about as HTML
  Rendered static_pages/about.html.erb within layouts/application (0.0ms)
Completed 200 OK in 6ms (Views: 6.0ms | ActiveRecord: 0.0ms)


Started GET "/assets/application.css?body=1" for 127.0.0.1 at 2014-02-19 23:26:58 -0800


Started GET "/assets/jquery.js?body=1" for 127.0.0.1 at 2014-02-19 23:26:59 -0800


Started GET "/assets/turbolinks.js?body=1" for 127.0.0.1 at 2014-02-19 23:26:59 -0800


Started GET "/assets/jquery_ujs.js?body=1" for 127.0.0.1 at 2014-02-19 23:26:59 -0800


Started GET "/assets/application.js?body=1" for 127.0.0.1 at 2014-02-19 23:26:59 -0800


Started GET "/" for 127.0.0.1 at 2014-02-20 11:43:47 -0800
Processing by Rails::WelcomeController#index as HTML
  Rendered C:/RailsInstaller/Ruby1.9.3/lib/ruby/gems/1.9.1/gems/railties-4.0.2/lib/rails/templates/rails/welcome/index.html.erb (6.0ms)
Completed 200 OK in 73ms (Views: 73.3ms | ActiveRecord: 0.0ms)


Started GET "/static_pages/home" for 127.0.0.1 at 2014-02-20 11:43:55 -0800
Processing by StaticPagesController#home as HTML
  Rendered static_pages/home.html.erb within layouts/application (6.0ms)
Completed 200 OK in 551ms (Views: 549.7ms | ActiveRecord: 0.0ms)


Started GET "/assets/application.css?body=1" for 127.0.0.1 at 2014-02-20 11:43:56 -0800


Started GET "/assets/jquery.js?body=1" for 127.0.0.1 at 2014-02-20 11:43:56 -0800


Started GET "/assets/static_pages.css?body=1" for 127.0.0.1 at 2014-02-20 11:43:56 -0800


Started GET "/assets/jquery_ujs.js?body=1" for 127.0.0.1 at 2014-02-20 11:43:56 -0800


Started GET "/assets/turbolinks.js?body=1" for 127.0.0.1 at 2014-02-20 11:43:56 -0800


Started GET "/assets/static_pages.js?body=1" for 127.0.0.1 at 2014-02-20 11:43:56 -0800


Started GET "/assets/application.js?body=1" for 127.0.0.1 at 2014-02-20 11:43:56 -0800


Started GET "/images/rails.png" for 127.0.0.1 at 2014-02-20 11:43:56 -0800

ActionController::RoutingError (No route matches [GET] "/images/rails.png"):
  actionpack (4.0.2) lib/action_dispatch/middleware/debug_exceptions.rb:21:in `call'
  actionpack (4.0.2) lib/action_dispatch/middleware/show_exceptions.rb:30:in `call'
  railties (4.0.2) lib/rails/rack/logger.rb:38:in `call_app'
  railties (4.0.2) lib/rails/rack/logger.rb:20:in `block in call'
  activesupport (4.0.2) lib/active_support/tagged_logging.rb:67:in `block in tagged'
  activesupport (4.0.2) lib/active_support/tagged_logging.rb:25:in `tagged'
  activesupport (4.0.2) lib/active_support/tagged_logging.rb:67:in `tagged'
  railties (4.0.2) lib/rails/rack/logger.rb:20:in `call'
  actionpack (4.0.2) lib/action_dispatch/middleware/request_id.rb:21:in `call'
  rack (1.5.2) lib/rack/methodoverride.rb:21:in `call'
  rack (1.5.2) lib/rack/runtime.rb:17:in `call'
  activesupport (4.0.2) lib/active_support/cache/strategy/local_cache.rb:83:in `call'
  rack (1.5.2) lib/rack/lock.rb:17:in `call'
  actionpack (4.0.2) lib/action_dispatch/middleware/static.rb:64:in `call'
  rack (1.5.2) lib/rack/sendfile.rb:112:in `call'
  railties (4.0.2) lib/rails/engine.rb:511:in `call'
  railties (4.0.2) lib/rails/application.rb:97:in `call'
  rack (1.5.2) lib/rack/lock.rb:17:in `call'
  rack (1.5.2) lib/rack/content_length.rb:14:in `call'
  rack (1.5.2) lib/rack/handler/webrick.rb:60:in `service'
  C:/RailsInstaller/Ruby1.9.3/lib/ruby/1.9.1/webrick/httpserver.rb:138:in `service'
  C:/RailsInstaller/Ruby1.9.3/lib/ruby/1.9.1/webrick/httpserver.rb:94:in `run'
  C:/RailsInstaller/Ruby1.9.3/lib/ruby/1.9.1/webrick/server.rb:191:in `block in start_thread'


  Rendered C:/RailsInstaller/Ruby1.9.3/lib/ruby/gems/1.9.1/gems/actionpack-4.0.2/lib/action_dispatch/middleware/templates/rescues/_trace.erb (1.0ms)
  Rendered C:/RailsInstaller/Ruby1.9.3/lib/ruby/gems/1.9.1/gems/actionpack-4.0.2/lib/action_dispatch/middleware/templates/routes/_route.html.erb (0.0ms)
  Rendered C:/RailsInstaller/Ruby1.9.3/lib/ruby/gems/1.9.1/gems/actionpack-4.0.2/lib/action_dispatch/middleware/templates/routes/_table.html.erb (111.7ms)
  Rendered C:/RailsInstaller/Ruby1.9.3/lib/ruby/gems/1.9.1/gems/actionpack-4.0.2/lib/action_dispatch/middleware/templates/rescues/routing_error.erb within rescues/layout (204.3ms)


Started GET "/" for 127.0.0.1 at 2014-02-20 11:51:24 -0800
Processing by Rails::WelcomeController#index as HTML
  Rendered C:/RailsInstaller/Ruby1.9.3/lib/ruby/gems/1.9.1/gems/railties-4.0.2/lib/rails/templates/rails/welcome/index.html.erb (4.0ms)
Completed 200 OK in 31ms (Views: 30.1ms | ActiveRecord: 0.0ms)


Started GET "/static_pages/home" for 127.0.0.1 at 2014-02-20 11:51:28 -0800
Processing by StaticPagesController#home as HTML
  Rendered static_pages/home.html.erb within layouts/application (16.0ms)
Completed 200 OK in 1733ms (Views: 1732.9ms | ActiveRecord: 0.0ms)


Started GET "/assets/custom.css?body=1" for 127.0.0.1 at 2014-02-20 11:51:30 -0800


Started GET "/assets/static_pages.css?body=1" for 127.0.0.1 at 2014-02-20 11:51:30 -0800


Started GET "/assets/application.css?body=1" for 127.0.0.1 at 2014-02-20 11:51:30 -0800


Started GET "/assets/jquery.js?body=1" for 127.0.0.1 at 2014-02-20 11:51:30 -0800


Started GET "/assets/jquery_ujs.js?body=1" for 127.0.0.1 at 2014-02-20 11:51:30 -0800


Started GET "/assets/turbolinks.js?body=1" for 127.0.0.1 at 2014-02-20 11:51:30 -0800


Started GET "/assets/static_pages.js?body=1" for 127.0.0.1 at 2014-02-20 11:51:30 -0800


Started GET "/assets/application.js?body=1" for 127.0.0.1 at 2014-02-20 11:51:30 -0800


Started GET "/images/rails.png" for 127.0.0.1 at 2014-02-20 11:51:30 -0800

ActionController::RoutingError (No route matches [GET] "/images/rails.png"):
  actionpack (4.0.2) lib/action_dispatch/middleware/debug_exceptions.rb:21:in `call'
  actionpack (4.0.2) lib/action_dispatch/middleware/show_exceptions.rb:30:in `call'
  railties (4.0.2) lib/rails/rack/logger.rb:38:in `call_app'
  railties (4.0.2) lib/rails/rack/logger.rb:20:in `block in call'
  activesupport (4.0.2) lib/active_support/tagged_logging.rb:67:in `block in tagged'
  activesupport (4.0.2) lib/active_support/tagged_logging.rb:25:in `tagged'
  activesupport (4.0.2) lib/active_support/tagged_logging.rb:67:in `tagged'
  railties (4.0.2) lib/rails/rack/logger.rb:20:in `call'
  actionpack (4.0.2) lib/action_dispatch/middleware/request_id.rb:21:in `call'
  rack (1.5.2) lib/rack/methodoverride.rb:21:in `call'
  rack (1.5.2) lib/rack/runtime.rb:17:in `call'
  activesupport (4.0.2) lib/active_support/cache/strategy/local_cache.rb:83:in `call'
  rack (1.5.2) lib/rack/lock.rb:17:in `call'
  actionpack (4.0.2) lib/action_dispatch/middleware/static.rb:64:in `call'
  rack (1.5.2) lib/rack/sendfile.rb:112:in `call'
  railties (4.0.2) lib/rails/engine.rb:511:in `call'
  railties (4.0.2) lib/rails/application.rb:97:in `call'
  rack (1.5.2) lib/rack/lock.rb:17:in `call'
  rack (1.5.2) lib/rack/content_length.rb:14:in `call'
  rack (1.5.2) lib/rack/handler/webrick.rb:60:in `service'
  C:/RailsInstaller/Ruby1.9.3/lib/ruby/1.9.1/webrick/httpserver.rb:138:in `service'
  C:/RailsInstaller/Ruby1.9.3/lib/ruby/1.9.1/webrick/httpserver.rb:94:in `run'
  C:/RailsInstaller/Ruby1.9.3/lib/ruby/1.9.1/webrick/server.rb:191:in `block in start_thread'


  Rendered C:/RailsInstaller/Ruby1.9.3/lib/ruby/gems/1.9.1/gems/actionpack-4.0.2/lib/action_dispatch/middleware/templates/rescues/_trace.erb (1.0ms)
  Rendered C:/RailsInstaller/Ruby1.9.3/lib/ruby/gems/1.9.1/gems/actionpack-4.0.2/lib/action_dispatch/middleware/templates/routes/_route.html.erb (1.0ms)
  Rendered C:/RailsInstaller/Ruby1.9.3/lib/ruby/gems/1.9.1/gems/actionpack-4.0.2/lib/action_dispatch/middleware/templates/routes/_table.html.erb (9.0ms)
  Rendered C:/RailsInstaller/Ruby1.9.3/lib/ruby/gems/1.9.1/gems/actionpack-4.0.2/lib/action_dispatch/middleware/templates/rescues/routing_error.erb within rescues/layout (62.8ms)


Started GET "/static_pages/home" for 127.0.0.1 at 2014-02-20 11:54:39 -0800
Processing by StaticPagesController#home as HTML
  Rendered static_pages/home.html.erb within layouts/application (10.0ms)
Completed 200 OK in 861ms (Views: 860.2ms | ActiveRecord: 0.0ms)


Started GET "/assets/application.css?body=1" for 127.0.0.1 at 2014-02-20 11:54:40 -0800


Started GET "/assets/static_pages.css?body=1" for 127.0.0.1 at 2014-02-20 11:54:40 -0800


Started GET "/assets/custom.css?body=1" for 127.0.0.1 at 2014-02-20 11:54:40 -0800


Started GET "/assets/jquery.js?body=1" for 127.0.0.1 at 2014-02-20 11:54:40 -0800


Started GET "/assets/jquery_ujs.js?body=1" for 127.0.0.1 at 2014-02-20 11:54:40 -0800


Started GET "/assets/turbolinks.js?body=1" for 127.0.0.1 at 2014-02-20 11:54:40 -0800


Started GET "/assets/static_pages.js?body=1" for 127.0.0.1 at 2014-02-20 11:54:40 -0800


Started GET "/assets/application.js?body=1" for 127.0.0.1 at 2014-02-20 11:54:40 -0800


Started GET "/images/rails.png" for 127.0.0.1 at 2014-02-20 11:54:40 -0800

ActionController::RoutingError (No route matches [GET] "/images/rails.png"):
  actionpack (4.0.2) lib/action_dispatch/middleware/debug_exceptions.rb:21:in `call'
  actionpack (4.0.2) lib/action_dispatch/middleware/show_exceptions.rb:30:in `call'
  railties (4.0.2) lib/rails/rack/logger.rb:38:in `call_app'
  railties (4.0.2) lib/rails/rack/logger.rb:20:in `block in call'
  activesupport (4.0.2) lib/active_support/tagged_logging.rb:67:in `block in tagged'
  activesupport (4.0.2) lib/active_support/tagged_logging.rb:25:in `tagged'
  activesupport (4.0.2) lib/active_support/tagged_logging.rb:67:in `tagged'
  railties (4.0.2) lib/rails/rack/logger.rb:20:in `call'
  actionpack (4.0.2) lib/action_dispatch/middleware/request_id.rb:21:in `call'
  rack (1.5.2) lib/rack/methodoverride.rb:21:in `call'
  rack (1.5.2) lib/rack/runtime.rb:17:in `call'
  activesupport (4.0.2) lib/active_support/cache/strategy/local_cache.rb:83:in `call'
  rack (1.5.2) lib/rack/lock.rb:17:in `call'
  actionpack (4.0.2) lib/action_dispatch/middleware/static.rb:64:in `call'
  rack (1.5.2) lib/rack/sendfile.rb:112:in `call'
  railties (4.0.2) lib/rails/engine.rb:511:in `call'
  railties (4.0.2) lib/rails/application.rb:97:in `call'
  rack (1.5.2) lib/rack/lock.rb:17:in `call'
  rack (1.5.2) lib/rack/content_length.rb:14:in `call'
  rack (1.5.2) lib/rack/handler/webrick.rb:60:in `service'
  C:/RailsInstaller/Ruby1.9.3/lib/ruby/1.9.1/webrick/httpserver.rb:138:in `service'
  C:/RailsInstaller/Ruby1.9.3/lib/ruby/1.9.1/webrick/httpserver.rb:94:in `run'
  C:/RailsInstaller/Ruby1.9.3/lib/ruby/1.9.1/webrick/server.rb:191:in `block in start_thread'


  Rendered C:/RailsInstaller/Ruby1.9.3/lib/ruby/gems/1.9.1/gems/actionpack-4.0.2/lib/action_dispatch/middleware/templates/rescues/_trace.erb (1.0ms)
  Rendered C:/RailsInstaller/Ruby1.9.3/lib/ruby/gems/1.9.1/gems/actionpack-4.0.2/lib/action_dispatch/middleware/templates/routes/_route.html.erb (0.0ms)
  Rendered C:/RailsInstaller/Ruby1.9.3/lib/ruby/gems/1.9.1/gems/actionpack-4.0.2/lib/action_dispatch/middleware/templates/routes/_table.html.erb (10.0ms)
  Rendered C:/RailsInstaller/Ruby1.9.3/lib/ruby/gems/1.9.1/gems/actionpack-4.0.2/lib/action_dispatch/middleware/templates/rescues/routing_error.erb within rescues/layout (45.0ms)


Started GET "/static_pages/home" for 127.0.0.1 at 2014-02-20 11:54:41 -0800
Processing by StaticPagesController#home as HTML
  Rendered static_pages/home.html.erb within layouts/application (5.0ms)
Completed 200 OK in 17ms (Views: 17.0ms | ActiveRecord: 0.0ms)


Started GET "/assets/application.css?body=1" for 127.0.0.1 at 2014-02-20 11:54:41 -0800


Started GET "/assets/static_pages.css?body=1" for 127.0.0.1 at 2014-02-20 11:54:41 -0800


Started GET "/assets/jquery.js?body=1" for 127.0.0.1 at 2014-02-20 11:54:41 -0800


Started GET "/assets/jquery_ujs.js?body=1" for 127.0.0.1 at 2014-02-20 11:54:41 -0800


Started GET "/assets/turbolinks.js?body=1" for 127.0.0.1 at 2014-02-20 11:54:41 -0800


Started GET "/assets/static_pages.js?body=1" for 127.0.0.1 at 2014-02-20 11:54:41 -0800


Started GET "/assets/application.js?body=1" for 127.0.0.1 at 2014-02-20 11:54:41 -0800


Started GET "/images/rails.png" for 127.0.0.1 at 2014-02-20 11:54:41 -0800

ActionController::RoutingError (No route matches [GET] "/images/rails.png"):
  actionpack (4.0.2) lib/action_dispatch/middleware/debug_exceptions.rb:21:in `call'
  actionpack (4.0.2) lib/action_dispatch/middleware/show_exceptions.rb:30:in `call'
  railties (4.0.2) lib/rails/rack/logger.rb:38:in `call_app'
  railties (4.0.2) lib/rails/rack/logger.rb:20:in `block in call'
  activesupport (4.0.2) lib/active_support/tagged_logging.rb:67:in `block in tagged'
  activesupport (4.0.2) lib/active_support/tagged_logging.rb:25:in `tagged'
  activesupport (4.0.2) lib/active_support/tagged_logging.rb:67:in `tagged'
  railties (4.0.2) lib/rails/rack/logger.rb:20:in `call'
  actionpack (4.0.2) lib/action_dispatch/middleware/request_id.rb:21:in `call'
  rack (1.5.2) lib/rack/methodoverride.rb:21:in `call'
  rack (1.5.2) lib/rack/runtime.rb:17:in `call'
  activesupport (4.0.2) lib/active_support/cache/strategy/local_cache.rb:83:in `call'
  rack (1.5.2) lib/rack/lock.rb:17:in `call'
  actionpack (4.0.2) lib/action_dispatch/middleware/static.rb:64:in `call'
  rack (1.5.2) lib/rack/sendfile.rb:112:in `call'
  railties (4.0.2) lib/rails/engine.rb:511:in `call'
  railties (4.0.2) lib/rails/application.rb:97:in `call'
  rack (1.5.2) lib/rack/lock.rb:17:in `call'
  rack (1.5.2) lib/rack/content_length.rb:14:in `call'
  rack (1.5.2) lib/rack/handler/webrick.rb:60:in `service'
  C:/RailsInstaller/Ruby1.9.3/lib/ruby/1.9.1/webrick/httpserver.rb:138:in `service'
  C:/RailsInstaller/Ruby1.9.3/lib/ruby/1.9.1/webrick/httpserver.rb:94:in `run'
  C:/RailsInstaller/Ruby1.9.3/lib/ruby/1.9.1/webrick/server.rb:191:in `block in start_thread'


  Rendered C:/RailsInstaller/Ruby1.9.3/lib/ruby/gems/1.9.1/gems/actionpack-4.0.2/lib/action_dispatch/middleware/templates/rescues/_trace.erb (1.0ms)
  Rendered C:/RailsInstaller/Ruby1.9.3/lib/ruby/gems/1.9.1/gems/actionpack-4.0.2/lib/action_dispatch/middleware/templates/routes/_route.html.erb (1.0ms)
  Rendered C:/RailsInstaller/Ruby1.9.3/lib/ruby/gems/1.9.1/gems/actionpack-4.0.2/lib/action_dispatch/middleware/templates/routes/_table.html.erb (1.0ms)
  Rendered C:/RailsInstaller/Ruby1.9.3/lib/ruby/gems/1.9.1/gems/actionpack-4.0.2/lib/action_dispatch/middleware/templates/rescues/routing_error.erb within rescues/layout (57.9ms)


Started GET "/" for 127.0.0.1 at 2014-02-20 12:02:00 -0800
Processing by Rails::WelcomeController#index as HTML
  Rendered C:/RailsInstaller/Ruby1.9.3/lib/ruby/gems/1.9.1/gems/railties-4.0.2/lib/rails/templates/rails/welcome/index.html.erb (3.0ms)
Completed 200 OK in 29ms (Views: 29.0ms | ActiveRecord: 0.0ms)


Started GET "/static_pages/home" for 127.0.0.1 at 2014-02-20 12:02:03 -0800
Processing by StaticPagesController#home as HTML
  Rendered static_pages/home.html.erb within layouts/application (16.0ms)
Completed 200 OK in 842ms (Views: 842.1ms | ActiveRecord: 0.0ms)


Started GET "/assets/jquery.js?body=1" for 127.0.0.1 at 2014-02-20 12:02:04 -0800


Started GET "/assets/application.css?body=1" for 127.0.0.1 at 2014-02-20 12:02:04 -0800


Started GET "/assets/custom.css?body=1" for 127.0.0.1 at 2014-02-20 12:02:04 -0800


Started GET "/assets/jquery_ujs.js?body=1" for 127.0.0.1 at 2014-02-20 12:02:04 -0800


Started GET "/assets/static_pages.css?body=1" for 127.0.0.1 at 2014-02-20 12:02:04 -0800


Started GET "/assets/turbolinks.js?body=1" for 127.0.0.1 at 2014-02-20 12:02:04 -0800


Started GET "/assets/static_pages.js?body=1" for 127.0.0.1 at 2014-02-20 12:02:05 -0800


Started GET "/assets/application.js?body=1" for 127.0.0.1 at 2014-02-20 12:02:05 -0800


Started GET "/images/rails.png" for 127.0.0.1 at 2014-02-20 12:02:05 -0800

ActionController::RoutingError (No route matches [GET] "/images/rails.png"):
  actionpack (4.0.2) lib/action_dispatch/middleware/debug_exceptions.rb:21:in `call'
  actionpack (4.0.2) lib/action_dispatch/middleware/show_exceptions.rb:30:in `call'
  railties (4.0.2) lib/rails/rack/logger.rb:38:in `call_app'
  railties (4.0.2) lib/rails/rack/logger.rb:20:in `block in call'
  activesupport (4.0.2) lib/active_support/tagged_logging.rb:67:in `block in tagged'
  activesupport (4.0.2) lib/active_support/tagged_logging.rb:25:in `tagged'
  activesupport (4.0.2) lib/active_support/tagged_logging.rb:67:in `tagged'
  railties (4.0.2) lib/rails/rack/logger.rb:20:in `call'
  actionpack (4.0.2) lib/action_dispatch/middleware/request_id.rb:21:in `call'
  rack (1.5.2) lib/rack/methodoverride.rb:21:in `call'
  rack (1.5.2) lib/rack/runtime.rb:17:in `call'
  activesupport (4.0.2) lib/active_support/cache/strategy/local_cache.rb:83:in `call'
  rack (1.5.2) lib/rack/lock.rb:17:in `call'
  actionpack (4.0.2) lib/action_dispatch/middleware/static.rb:64:in `call'
  rack (1.5.2) lib/rack/sendfile.rb:112:in `call'
  railties (4.0.2) lib/rails/engine.rb:511:in `call'
  railties (4.0.2) lib/rails/application.rb:97:in `call'
  rack (1.5.2) lib/rack/lock.rb:17:in `call'
  rack (1.5.2) lib/rack/content_length.rb:14:in `call'
  rack (1.5.2) lib/rack/handler/webrick.rb:60:in `service'
  C:/RailsInstaller/Ruby1.9.3/lib/ruby/1.9.1/webrick/httpserver.rb:138:in `service'
  C:/RailsInstaller/Ruby1.9.3/lib/ruby/1.9.1/webrick/httpserver.rb:94:in `run'
  C:/RailsInstaller/Ruby1.9.3/lib/ruby/1.9.1/webrick/server.rb:191:in `block in start_thread'


  Rendered C:/RailsInstaller/Ruby1.9.3/lib/ruby/gems/1.9.1/gems/actionpack-4.0.2/lib/action_dispatch/middleware/templates/rescues/_trace.erb (1.0ms)
  Rendered C:/RailsInstaller/Ruby1.9.3/lib/ruby/gems/1.9.1/gems/actionpack-4.0.2/lib/action_dispatch/middleware/templates/routes/_route.html.erb (1.0ms)
  Rendered C:/RailsInstaller/Ruby1.9.3/lib/ruby/gems/1.9.1/gems/actionpack-4.0.2/lib/action_dispatch/middleware/templates/routes/_table.html.erb (11.0ms)
  Rendered C:/RailsInstaller/Ruby1.9.3/lib/ruby/gems/1.9.1/gems/actionpack-4.0.2/lib/action_dispatch/middleware/templates/rescues/routing_error.erb within rescues/layout (54.0ms)


Started GET "/static_pages/home" for 127.0.0.1 at 2014-02-20 12:09:48 -0800
Processing by StaticPagesController#home as HTML
  Rendered static_pages/home.html.erb within layouts/application (9.0ms)
  Rendered layouts/_shim.html.erb (0.0ms)
  Rendered layouts/_header.html.erb (1.0ms)
  Rendered layouts/_footer.html.erb (0.0ms)
Completed 200 OK in 891ms (Views: 891.3ms | ActiveRecord: 0.0ms)


Started GET "/assets/static_pages.css?body=1" for 127.0.0.1 at 2014-02-20 12:09:49 -0800


Started GET "/assets/turbolinks.js?body=1" for 127.0.0.1 at 2014-02-20 12:09:49 -0800


Started GET "/assets/custom.css?body=1" for 127.0.0.1 at 2014-02-20 12:09:49 -0800


Started GET "/assets/jquery_ujs.js?body=1" for 127.0.0.1 at 2014-02-20 12:09:49 -0800


Started GET "/assets/jquery.js?body=1" for 127.0.0.1 at 2014-02-20 12:09:49 -0800


Started GET "/assets/application.css?body=1" for 127.0.0.1 at 2014-02-20 12:09:49 -0800


Started GET "/assets/static_pages.js?body=1" for 127.0.0.1 at 2014-02-20 12:09:49 -0800


Started GET "/assets/application.js?body=1" for 127.0.0.1 at 2014-02-20 12:09:49 -0800


Started GET "/images/rails.png" for 127.0.0.1 at 2014-02-20 12:09:49 -0800

ActionController::RoutingError (No route matches [GET] "/images/rails.png"):
  actionpack (4.0.2) lib/action_dispatch/middleware/debug_exceptions.rb:21:in `call'
  actionpack (4.0.2) lib/action_dispatch/middleware/show_exceptions.rb:30:in `call'
  railties (4.0.2) lib/rails/rack/logger.rb:38:in `call_app'
  railties (4.0.2) lib/rails/rack/logger.rb:20:in `block in call'
  activesupport (4.0.2) lib/active_support/tagged_logging.rb:67:in `block in tagged'
  activesupport (4.0.2) lib/active_support/tagged_logging.rb:25:in `tagged'
  activesupport (4.0.2) lib/active_support/tagged_logging.rb:67:in `tagged'
  railties (4.0.2) lib/rails/rack/logger.rb:20:in `call'
  actionpack (4.0.2) lib/action_dispatch/middleware/request_id.rb:21:in `call'
  rack (1.5.2) lib/rack/methodoverride.rb:21:in `call'
  rack (1.5.2) lib/rack/runtime.rb:17:in `call'
  activesupport (4.0.2) lib/active_support/cache/strategy/local_cache.rb:83:in `call'
  rack (1.5.2) lib/rack/lock.rb:17:in `call'
  actionpack (4.0.2) lib/action_dispatch/middleware/static.rb:64:in `call'
  rack (1.5.2) lib/rack/sendfile.rb:112:in `call'
  railties (4.0.2) lib/rails/engine.rb:511:in `call'
  railties (4.0.2) lib/rails/application.rb:97:in `call'
  rack (1.5.2) lib/rack/lock.rb:17:in `call'
  rack (1.5.2) lib/rack/content_length.rb:14:in `call'
  rack (1.5.2) lib/rack/handler/webrick.rb:60:in `service'
  C:/RailsInstaller/Ruby1.9.3/lib/ruby/1.9.1/webrick/httpserver.rb:138:in `service'
  C:/RailsInstaller/Ruby1.9.3/lib/ruby/1.9.1/webrick/httpserver.rb:94:in `run'
  C:/RailsInstaller/Ruby1.9.3/lib/ruby/1.9.1/webrick/server.rb:191:in `block in start_thread'


  Rendered C:/RailsInstaller/Ruby1.9.3/lib/ruby/gems/1.9.1/gems/actionpack-4.0.2/lib/action_dispatch/middleware/templates/rescues/_trace.erb (1.0ms)
  Rendered C:/RailsInstaller/Ruby1.9.3/lib/ruby/gems/1.9.1/gems/actionpack-4.0.2/lib/action_dispatch/middleware/templates/routes/_route.html.erb (1.0ms)
  Rendered C:/RailsInstaller/Ruby1.9.3/lib/ruby/gems/1.9.1/gems/actionpack-4.0.2/lib/action_dispatch/middleware/templates/routes/_table.html.erb (14.0ms)
  Rendered C:/RailsInstaller/Ruby1.9.3/lib/ruby/gems/1.9.1/gems/actionpack-4.0.2/lib/action_dispatch/middleware/templates/rescues/routing_error.erb within rescues/layout (50.0ms)


Started GET "/" for 127.0.0.1 at 2014-02-20 13:02:17 -0800
Processing by StaticPagesController#home as HTML
  Rendered static_pages/home.html.erb within layouts/application (11.0ms)
  Rendered layouts/_shim.html.erb (1.0ms)
  Rendered layouts/_header.html.erb (1.0ms)
  Rendered layouts/_footer.html.erb (0.0ms)
Completed 200 OK in 855ms (Views: 853.7ms | ActiveRecord: 0.0ms)


Started GET "/assets/static_pages.css?body=1" for 127.0.0.1 at 2014-02-20 13:02:18 -0800


Started GET "/assets/jquery.js?body=1" for 127.0.0.1 at 2014-02-20 13:02:18 -0800


Started GET "/assets/jquery_ujs.js?body=1" for 127.0.0.1 at 2014-02-20 13:02:18 -0800


Started GET "/assets/turbolinks.js?body=1" for 127.0.0.1 at 2014-02-20 13:02:18 -0800


Started GET "/assets/custom.css?body=1" for 127.0.0.1 at 2014-02-20 13:02:18 -0800


Started GET "/assets/application.css?body=1" for 127.0.0.1 at 2014-02-20 13:02:18 -0800


Started GET "/assets/static_pages.js?body=1" for 127.0.0.1 at 2014-02-20 13:02:18 -0800


Started GET "/assets/application.js?body=1" for 127.0.0.1 at 2014-02-20 13:02:19 -0800


Started GET "/images/rails.png" for 127.0.0.1 at 2014-02-20 13:02:19 -0800

ActionController::RoutingError (No route matches [GET] "/images/rails.png"):
  actionpack (4.0.2) lib/action_dispatch/middleware/debug_exceptions.rb:21:in `call'
  actionpack (4.0.2) lib/action_dispatch/middleware/show_exceptions.rb:30:in `call'
  railties (4.0.2) lib/rails/rack/logger.rb:38:in `call_app'
  railties (4.0.2) lib/rails/rack/logger.rb:20:in `block in call'
  activesupport (4.0.2) lib/active_support/tagged_logging.rb:67:in `block in tagged'
  activesupport (4.0.2) lib/active_support/tagged_logging.rb:25:in `tagged'
  activesupport (4.0.2) lib/active_support/tagged_logging.rb:67:in `tagged'
  railties (4.0.2) lib/rails/rack/logger.rb:20:in `call'
  actionpack (4.0.2) lib/action_dispatch/middleware/request_id.rb:21:in `call'
  rack (1.5.2) lib/rack/methodoverride.rb:21:in `call'
  rack (1.5.2) lib/rack/runtime.rb:17:in `call'
  activesupport (4.0.2) lib/active_support/cache/strategy/local_cache.rb:83:in `call'
  rack (1.5.2) lib/rack/lock.rb:17:in `call'
  actionpack (4.0.2) lib/action_dispatch/middleware/static.rb:64:in `call'
  rack (1.5.2) lib/rack/sendfile.rb:112:in `call'
  railties (4.0.2) lib/rails/engine.rb:511:in `call'
  railties (4.0.2) lib/rails/application.rb:97:in `call'
  rack (1.5.2) lib/rack/lock.rb:17:in `call'
  rack (1.5.2) lib/rack/content_length.rb:14:in `call'
  rack (1.5.2) lib/rack/handler/webrick.rb:60:in `service'
  C:/RailsInstaller/Ruby1.9.3/lib/ruby/1.9.1/webrick/httpserver.rb:138:in `service'
  C:/RailsInstaller/Ruby1.9.3/lib/ruby/1.9.1/webrick/httpserver.rb:94:in `run'
  C:/RailsInstaller/Ruby1.9.3/lib/ruby/1.9.1/webrick/server.rb:191:in `block in start_thread'


  Rendered C:/RailsInstaller/Ruby1.9.3/lib/ruby/gems/1.9.1/gems/actionpack-4.0.2/lib/action_dispatch/middleware/templates/rescues/_trace.erb (1.0ms)
  Rendered C:/RailsInstaller/Ruby1.9.3/lib/ruby/gems/1.9.1/gems/actionpack-4.0.2/lib/action_dispatch/middleware/templates/routes/_route.html.erb (1.0ms)
  Rendered C:/RailsInstaller/Ruby1.9.3/lib/ruby/gems/1.9.1/gems/actionpack-4.0.2/lib/action_dispatch/middleware/templates/routes/_table.html.erb (9.0ms)
  Rendered C:/RailsInstaller/Ruby1.9.3/lib/ruby/gems/1.9.1/gems/actionpack-4.0.2/lib/action_dispatch/middleware/templates/rescues/routing_error.erb within rescues/layout (39.2ms)


Started GET "/" for 127.0.0.1 at 2014-02-20 13:35:09 -0800
Processing by StaticPagesController#home as HTML
  Rendered static_pages/home.html.erb within layouts/application (9.0ms)
  Rendered layouts/_shim.html.erb (0.0ms)
  Rendered layouts/_header.html.erb (1.0ms)
  Rendered layouts/_footer.html.erb (0.0ms)
Completed 200 OK in 322ms (Views: 321.6ms | ActiveRecord: 0.0ms)


Started GET "/assets/application.css?body=1" for 127.0.0.1 at 2014-02-20 13:35:10 -0800


Started GET "/assets/users.css?body=1" for 127.0.0.1 at 2014-02-20 13:35:10 -0800


Started GET "/assets/custom.css?body=1" for 127.0.0.1 at 2014-02-20 13:35:10 -0800


Started GET "/assets/static_pages.css?body=1" for 127.0.0.1 at 2014-02-20 13:35:10 -0800


Started GET "/assets/jquery_ujs.js?body=1" for 127.0.0.1 at 2014-02-20 13:35:10 -0800


Started GET "/assets/jquery.js?body=1" for 127.0.0.1 at 2014-02-20 13:35:10 -0800


Started GET "/assets/turbolinks.js?body=1" for 127.0.0.1 at 2014-02-20 13:35:10 -0800


Started GET "/assets/static_pages.js?body=1" for 127.0.0.1 at 2014-02-20 13:35:10 -0800


Started GET "/assets/users.js?body=1" for 127.0.0.1 at 2014-02-20 13:35:10 -0800


Started GET "/assets/application.js?body=1" for 127.0.0.1 at 2014-02-20 13:35:10 -0800


Started GET "/images/rails.png" for 127.0.0.1 at 2014-02-20 13:35:10 -0800

ActionController::RoutingError (No route matches [GET] "/images/rails.png"):
  actionpack (4.0.2) lib/action_dispatch/middleware/debug_exceptions.rb:21:in `call'
  actionpack (4.0.2) lib/action_dispatch/middleware/show_exceptions.rb:30:in `call'
  railties (4.0.2) lib/rails/rack/logger.rb:38:in `call_app'
  railties (4.0.2) lib/rails/rack/logger.rb:20:in `block in call'
  activesupport (4.0.2) lib/active_support/tagged_logging.rb:67:in `block in tagged'
  activesupport (4.0.2) lib/active_support/tagged_logging.rb:25:in `tagged'
  activesupport (4.0.2) lib/active_support/tagged_logging.rb:67:in `tagged'
  railties (4.0.2) lib/rails/rack/logger.rb:20:in `call'
  actionpack (4.0.2) lib/action_dispatch/middleware/request_id.rb:21:in `call'
  rack (1.5.2) lib/rack/methodoverride.rb:21:in `call'
  rack (1.5.2) lib/rack/runtime.rb:17:in `call'
  activesupport (4.0.2) lib/active_support/cache/strategy/local_cache.rb:83:in `call'
  rack (1.5.2) lib/rack/lock.rb:17:in `call'
  actionpack (4.0.2) lib/action_dispatch/middleware/static.rb:64:in `call'
  rack (1.5.2) lib/rack/sendfile.rb:112:in `call'
  railties (4.0.2) lib/rails/engine.rb:511:in `call'
  railties (4.0.2) lib/rails/application.rb:97:in `call'
  rack (1.5.2) lib/rack/lock.rb:17:in `call'
  rack (1.5.2) lib/rack/content_length.rb:14:in `call'
  rack (1.5.2) lib/rack/handler/webrick.rb:60:in `service'
  C:/RailsInstaller/Ruby1.9.3/lib/ruby/1.9.1/webrick/httpserver.rb:138:in `service'
  C:/RailsInstaller/Ruby1.9.3/lib/ruby/1.9.1/webrick/httpserver.rb:94:in `run'
  C:/RailsInstaller/Ruby1.9.3/lib/ruby/1.9.1/webrick/server.rb:191:in `block in start_thread'


  Rendered C:/RailsInstaller/Ruby1.9.3/lib/ruby/gems/1.9.1/gems/actionpack-4.0.2/lib/action_dispatch/middleware/templates/rescues/_trace.erb (1.0ms)
  Rendered C:/RailsInstaller/Ruby1.9.3/lib/ruby/gems/1.9.1/gems/actionpack-4.0.2/lib/action_dispatch/middleware/templates/routes/_route.html.erb (1.0ms)
  Rendered C:/RailsInstaller/Ruby1.9.3/lib/ruby/gems/1.9.1/gems/actionpack-4.0.2/lib/action_dispatch/middleware/templates/routes/_table.html.erb (9.0ms)
  Rendered C:/RailsInstaller/Ruby1.9.3/lib/ruby/gems/1.9.1/gems/actionpack-4.0.2/lib/action_dispatch/middleware/templates/rescues/routing_error.erb within rescues/layout (51.2ms)


Started GET "/signup" for 127.0.0.1 at 2014-02-20 13:35:12 -0800
Processing by UsersController#new as HTML
  Rendered users/new.html.erb within layouts/application (0.0ms)
  Rendered layouts/_shim.html.erb (0.0ms)
  Rendered layouts/_header.html.erb (0.0ms)
  Rendered layouts/_footer.html.erb (0.0ms)
Completed 200 OK in 19ms (Views: 18.0ms | ActiveRecord: 0.0ms)


Started GET "/signup" for 127.0.0.1 at 2014-02-20 13:35:12 -0800
Processing by UsersController#new as HTML
  Rendered users/new.html.erb within layouts/application (0.0ms)
  Rendered layouts/_shim.html.erb (0.0ms)
  Rendered layouts/_header.html.erb (0.0ms)
  Rendered layouts/_footer.html.erb (0.0ms)
Completed 200 OK in 16ms (Views: 16.0ms | ActiveRecord: 0.0ms)


Started GET "/assets/application.css?body=1" for 127.0.0.1 at 2014-02-20 13:35:12 -0800


Started GET "/assets/custom.css?body=1" for 127.0.0.1 at 2014-02-20 13:35:12 -0800


Started GET "/assets/static_pages.css?body=1" for 127.0.0.1 at 2014-02-20 13:35:12 -0800


Started GET "/assets/users.css?body=1" for 127.0.0.1 at 2014-02-20 13:35:12 -0800


Started GET "/assets/jquery.js?body=1" for 127.0.0.1 at 2014-02-20 13:35:12 -0800


Started GET "/assets/jquery_ujs.js?body=1" for 127.0.0.1 at 2014-02-20 13:35:13 -0800


Started GET "/assets/turbolinks.js?body=1" for 127.0.0.1 at 2014-02-20 13:35:13 -0800


Started GET "/assets/static_pages.js?body=1" for 127.0.0.1 at 2014-02-20 13:35:13 -0800


Started GET "/assets/users.js?body=1" for 127.0.0.1 at 2014-02-20 13:35:13 -0800


Started GET "/assets/application.js?body=1" for 127.0.0.1 at 2014-02-20 13:35:13 -0800


Started GET "/" for 127.0.0.1 at 2014-02-20 13:35:14 -0800
Processing by StaticPagesController#home as HTML
  Rendered static_pages/home.html.erb within layouts/application (16.0ms)
  Rendered layouts/_shim.html.erb (0.0ms)
  Rendered layouts/_header.html.erb (0.0ms)
  Rendered layouts/_footer.html.erb (0.0ms)
Completed 200 OK in 33ms (Views: 32.0ms | ActiveRecord: 0.0ms)


Started GET "/" for 127.0.0.1 at 2014-02-20 13:35:14 -0800
Processing by StaticPagesController#home as HTML
  Rendered static_pages/home.html.erb within layouts/application (6.0ms)
  Rendered layouts/_shim.html.erb (0.0ms)
  Rendered layouts/_header.html.erb (0.0ms)
  Rendered layouts/_footer.html.erb (1.1ms)
Completed 200 OK in 21ms (Views: 21.1ms | ActiveRecord: 0.0ms)


Started GET "/assets/application.css?body=1" for 127.0.0.1 at 2014-02-20 13:35:14 -0800


Started GET "/assets/static_pages.css?body=1" for 127.0.0.1 at 2014-02-20 13:35:14 -0800


Started GET "/assets/custom.css?body=1" for 127.0.0.1 at 2014-02-20 13:35:14 -0800


Started GET "/assets/users.css?body=1" for 127.0.0.1 at 2014-02-20 13:35:14 -0800


Started GET "/assets/jquery.js?body=1" for 127.0.0.1 at 2014-02-20 13:35:15 -0800


Started GET "/assets/jquery_ujs.js?body=1" for 127.0.0.1 at 2014-02-20 13:35:15 -0800


Started GET "/assets/turbolinks.js?body=1" for 127.0.0.1 at 2014-02-20 13:35:15 -0800


Started GET "/assets/static_pages.js?body=1" for 127.0.0.1 at 2014-02-20 13:35:15 -0800


Started GET "/assets/users.js?body=1" for 127.0.0.1 at 2014-02-20 13:35:15 -0800


Started GET "/assets/application.js?body=1" for 127.0.0.1 at 2014-02-20 13:35:15 -0800


Started GET "/images/rails.png" for 127.0.0.1 at 2014-02-20 13:35:15 -0800

ActionController::RoutingError (No route matches [GET] "/images/rails.png"):
  actionpack (4.0.2) lib/action_dispatch/middleware/debug_exceptions.rb:21:in `call'
  actionpack (4.0.2) lib/action_dispatch/middleware/show_exceptions.rb:30:in `call'
  railties (4.0.2) lib/rails/rack/logger.rb:38:in `call_app'
  railties (4.0.2) lib/rails/rack/logger.rb:20:in `block in call'
  activesupport (4.0.2) lib/active_support/tagged_logging.rb:67:in `block in tagged'
  activesupport (4.0.2) lib/active_support/tagged_logging.rb:25:in `tagged'
  activesupport (4.0.2) lib/active_support/tagged_logging.rb:67:in `tagged'
  railties (4.0.2) lib/rails/rack/logger.rb:20:in `call'
  actionpack (4.0.2) lib/action_dispatch/middleware/request_id.rb:21:in `call'
  rack (1.5.2) lib/rack/methodoverride.rb:21:in `call'
  rack (1.5.2) lib/rack/runtime.rb:17:in `call'
  activesupport (4.0.2) lib/active_support/cache/strategy/local_cache.rb:83:in `call'
  rack (1.5.2) lib/rack/lock.rb:17:in `call'
  actionpack (4.0.2) lib/action_dispatch/middleware/static.rb:64:in `call'
  rack (1.5.2) lib/rack/sendfile.rb:112:in `call'
  railties (4.0.2) lib/rails/engine.rb:511:in `call'
  railties (4.0.2) lib/rails/application.rb:97:in `call'
  rack (1.5.2) lib/rack/lock.rb:17:in `call'
  rack (1.5.2) lib/rack/content_length.rb:14:in `call'
  rack (1.5.2) lib/rack/handler/webrick.rb:60:in `service'
  C:/RailsInstaller/Ruby1.9.3/lib/ruby/1.9.1/webrick/httpserver.rb:138:in `service'
  C:/RailsInstaller/Ruby1.9.3/lib/ruby/1.9.1/webrick/httpserver.rb:94:in `run'
  C:/RailsInstaller/Ruby1.9.3/lib/ruby/1.9.1/webrick/server.rb:191:in `block in start_thread'


  Rendered C:/RailsInstaller/Ruby1.9.3/lib/ruby/gems/1.9.1/gems/actionpack-4.0.2/lib/action_dispatch/middleware/templates/rescues/_trace.erb (1.0ms)
  Rendered C:/RailsInstaller/Ruby1.9.3/lib/ruby/gems/1.9.1/gems/actionpack-4.0.2/lib/action_dispatch/middleware/templates/routes/_route.html.erb (1.0ms)
  Rendered C:/RailsInstaller/Ruby1.9.3/lib/ruby/gems/1.9.1/gems/actionpack-4.0.2/lib/action_dispatch/middleware/templates/routes/_table.html.erb (0.0ms)
  Rendered C:/RailsInstaller/Ruby1.9.3/lib/ruby/gems/1.9.1/gems/actionpack-4.0.2/lib/action_dispatch/middleware/templates/rescues/routing_error.erb within rescues/layout (40.0ms)


Started GET "/" for 127.0.0.1 at 2014-02-20 13:35:15 -0800
Processing by StaticPagesController#home as HTML
  Rendered static_pages/home.html.erb within layouts/application (5.0ms)
  Rendered layouts/_shim.html.erb (0.0ms)
  Rendered layouts/_header.html.erb (0.0ms)
  Rendered layouts/_footer.html.erb (0.0ms)
Completed 200 OK in 24ms (Views: 24.0ms | ActiveRecord: 0.0ms)


Started GET "/" for 127.0.0.1 at 2014-02-20 13:35:15 -0800
Processing by StaticPagesController#home as HTML
  Rendered static_pages/home.html.erb within layouts/application (6.2ms)
  Rendered layouts/_shim.html.erb (0.0ms)
  Rendered layouts/_header.html.erb (0.0ms)
  Rendered layouts/_footer.html.erb (0.0ms)
Completed 200 OK in 21ms (Views: 20.6ms | ActiveRecord: 0.0ms)


Started GET "/assets/application.css?body=1" for 127.0.0.1 at 2014-02-20 13:35:16 -0800


Started GET "/assets/custom.css?body=1" for 127.0.0.1 at 2014-02-20 13:35:16 -0800


Started GET "/assets/static_pages.css?body=1" for 127.0.0.1 at 2014-02-20 13:35:16 -0800


Started GET "/assets/users.css?body=1" for 127.0.0.1 at 2014-02-20 13:35:16 -0800


Started GET "/assets/jquery.js?body=1" for 127.0.0.1 at 2014-02-20 13:35:16 -0800


Started GET "/assets/jquery_ujs.js?body=1" for 127.0.0.1 at 2014-02-20 13:35:16 -0800


Started GET "/assets/turbolinks.js?body=1" for 127.0.0.1 at 2014-02-20 13:35:16 -0800


Started GET "/assets/static_pages.js?body=1" for 127.0.0.1 at 2014-02-20 13:35:16 -0800


Started GET "/assets/users.js?body=1" for 127.0.0.1 at 2014-02-20 13:35:16 -0800


Started GET "/assets/application.js?body=1" for 127.0.0.1 at 2014-02-20 13:35:16 -0800


Started GET "/images/rails.png" for 127.0.0.1 at 2014-02-20 13:35:16 -0800

ActionController::RoutingError (No route matches [GET] "/images/rails.png"):
  actionpack (4.0.2) lib/action_dispatch/middleware/debug_exceptions.rb:21:in `call'
  actionpack (4.0.2) lib/action_dispatch/middleware/show_exceptions.rb:30:in `call'
  railties (4.0.2) lib/rails/rack/logger.rb:38:in `call_app'
  railties (4.0.2) lib/rails/rack/logger.rb:20:in `block in call'
  activesupport (4.0.2) lib/active_support/tagged_logging.rb:67:in `block in tagged'
  activesupport (4.0.2) lib/active_support/tagged_logging.rb:25:in `tagged'
  activesupport (4.0.2) lib/active_support/tagged_logging.rb:67:in `tagged'
  railties (4.0.2) lib/rails/rack/logger.rb:20:in `call'
  actionpack (4.0.2) lib/action_dispatch/middleware/request_id.rb:21:in `call'
  rack (1.5.2) lib/rack/methodoverride.rb:21:in `call'
  rack (1.5.2) lib/rack/runtime.rb:17:in `call'
  activesupport (4.0.2) lib/active_support/cache/strategy/local_cache.rb:83:in `call'
  rack (1.5.2) lib/rack/lock.rb:17:in `call'
  actionpack (4.0.2) lib/action_dispatch/middleware/static.rb:64:in `call'
  rack (1.5.2) lib/rack/sendfile.rb:112:in `call'
  railties (4.0.2) lib/rails/engine.rb:511:in `call'
  railties (4.0.2) lib/rails/application.rb:97:in `call'
  rack (1.5.2) lib/rack/lock.rb:17:in `call'
  rack (1.5.2) lib/rack/content_length.rb:14:in `call'
  rack (1.5.2) lib/rack/handler/webrick.rb:60:in `service'
  C:/RailsInstaller/Ruby1.9.3/lib/ruby/1.9.1/webrick/httpserver.rb:138:in `service'
  C:/RailsInstaller/Ruby1.9.3/lib/ruby/1.9.1/webrick/httpserver.rb:94:in `run'
  C:/RailsInstaller/Ruby1.9.3/lib/ruby/1.9.1/webrick/server.rb:191:in `block in start_thread'


  Rendered C:/RailsInstaller/Ruby1.9.3/lib/ruby/gems/1.9.1/gems/actionpack-4.0.2/lib/action_dispatch/middleware/templates/rescues/_trace.erb (1.0ms)
  Rendered C:/RailsInstaller/Ruby1.9.3/lib/ruby/gems/1.9.1/gems/actionpack-4.0.2/lib/action_dispatch/middleware/templates/routes/_route.html.erb (1.0ms)
  Rendered C:/RailsInstaller/Ruby1.9.3/lib/ruby/gems/1.9.1/gems/actionpack-4.0.2/lib/action_dispatch/middleware/templates/routes/_table.html.erb (1.0ms)
  Rendered C:/RailsInstaller/Ruby1.9.3/lib/ruby/gems/1.9.1/gems/actionpack-4.0.2/lib/action_dispatch/middleware/templates/rescues/routing_error.erb within rescues/layout (39.0ms)


Started GET "/help" for 127.0.0.1 at 2014-02-20 13:35:17 -0800
Processing by StaticPagesController#help as HTML
  Rendered static_pages/help.html.erb within layouts/application (0.0ms)
  Rendered layouts/_shim.html.erb (0.0ms)
  Rendered layouts/_header.html.erb (0.0ms)
  Rendered layouts/_footer.html.erb (0.0ms)
Completed 200 OK in 19ms (Views: 19.0ms | ActiveRecord: 0.0ms)


Started GET "/help" for 127.0.0.1 at 2014-02-20 13:35:17 -0800
Processing by StaticPagesController#help as HTML
  Rendered static_pages/help.html.erb within layouts/application (1.0ms)
  Rendered layouts/_shim.html.erb (0.0ms)
  Rendered layouts/_header.html.erb (0.0ms)
  Rendered layouts/_footer.html.erb (0.0ms)
Completed 200 OK in 21ms (Views: 21.0ms | ActiveRecord: 0.0ms)


Started GET "/assets/application.css?body=1" for 127.0.0.1 at 2014-02-20 13:35:17 -0800


Started GET "/assets/custom.css?body=1" for 127.0.0.1 at 2014-02-20 13:35:17 -0800


Started GET "/assets/static_pages.css?body=1" for 127.0.0.1 at 2014-02-20 13:35:17 -0800


Started GET "/assets/users.css?body=1" for 127.0.0.1 at 2014-02-20 13:35:17 -0800


Started GET "/assets/jquery.js?body=1" for 127.0.0.1 at 2014-02-20 13:35:17 -0800


Started GET "/assets/jquery_ujs.js?body=1" for 127.0.0.1 at 2014-02-20 13:35:17 -0800


Started GET "/assets/turbolinks.js?body=1" for 127.0.0.1 at 2014-02-20 13:35:17 -0800


Started GET "/assets/static_pages.js?body=1" for 127.0.0.1 at 2014-02-20 13:35:17 -0800


Started GET "/assets/users.js?body=1" for 127.0.0.1 at 2014-02-20 13:35:17 -0800


Started GET "/assets/application.js?body=1" for 127.0.0.1 at 2014-02-20 13:35:18 -0800


Started GET "/help" for 127.0.0.1 at 2014-02-20 13:35:20 -0800
Processing by StaticPagesController#help as HTML
  Rendered static_pages/help.html.erb within layouts/application (0.0ms)
  Rendered layouts/_shim.html.erb (0.0ms)
  Rendered layouts/_header.html.erb (0.0ms)
  Rendered layouts/_footer.html.erb (0.0ms)
Completed 200 OK in 16ms (Views: 16.0ms | ActiveRecord: 0.0ms)


Started GET "/help" for 127.0.0.1 at 2014-02-20 13:35:20 -0800
Processing by StaticPagesController#help as HTML
  Rendered static_pages/help.html.erb within layouts/application (0.0ms)
  Rendered layouts/_shim.html.erb (0.0ms)
  Rendered layouts/_header.html.erb (1.0ms)
  Rendered layouts/_footer.html.erb (0.0ms)
Completed 200 OK in 15ms (Views: 14.0ms | ActiveRecord: 0.0ms)


Started GET "/assets/application.css?body=1" for 127.0.0.1 at 2014-02-20 13:35:20 -0800


Started GET "/assets/custom.css?body=1" for 127.0.0.1 at 2014-02-20 13:35:20 -0800


Started GET "/assets/static_pages.css?body=1" for 127.0.0.1 at 2014-02-20 13:35:20 -0800


Started GET "/assets/users.css?body=1" for 127.0.0.1 at 2014-02-20 13:35:20 -0800


Started GET "/assets/jquery.js?body=1" for 127.0.0.1 at 2014-02-20 13:35:20 -0800


Started GET "/assets/jquery_ujs.js?body=1" for 127.0.0.1 at 2014-02-20 13:35:20 -0800


Started GET "/assets/turbolinks.js?body=1" for 127.0.0.1 at 2014-02-20 13:35:21 -0800


Started GET "/assets/static_pages.js?body=1" for 127.0.0.1 at 2014-02-20 13:35:21 -0800


Started GET "/assets/users.js?body=1" for 127.0.0.1 at 2014-02-20 13:35:21 -0800


Started GET "/assets/application.js?body=1" for 127.0.0.1 at 2014-02-20 13:35:21 -0800


Started GET "/help" for 127.0.0.1 at 2014-02-20 13:35:21 -0800
Processing by StaticPagesController#help as HTML
  Rendered static_pages/help.html.erb within layouts/application (0.0ms)
  Rendered layouts/_shim.html.erb (0.0ms)
  Rendered layouts/_header.html.erb (0.0ms)
  Rendered layouts/_footer.html.erb (1.0ms)
Completed 200 OK in 27ms (Views: 26.0ms | ActiveRecord: 0.0ms)


Started GET "/help" for 127.0.0.1 at 2014-02-20 13:35:21 -0800
Processing by StaticPagesController#help as HTML
  Rendered static_pages/help.html.erb within layouts/application (0.0ms)
  Rendered layouts/_shim.html.erb (0.0ms)
  Rendered layouts/_header.html.erb (0.0ms)
  Rendered layouts/_footer.html.erb (0.0ms)
Completed 200 OK in 16ms (Views: 16.1ms | ActiveRecord: 0.0ms)


Started GET "/assets/application.css?body=1" for 127.0.0.1 at 2014-02-20 13:35:21 -0800


Started GET "/assets/custom.css?body=1" for 127.0.0.1 at 2014-02-20 13:35:22 -0800


Started GET "/assets/static_pages.css?body=1" for 127.0.0.1 at 2014-02-20 13:35:22 -0800


Started GET "/assets/users.css?body=1" for 127.0.0.1 at 2014-02-20 13:35:22 -0800


Started GET "/assets/jquery.js?body=1" for 127.0.0.1 at 2014-02-20 13:35:22 -0800


Started GET "/assets/jquery_ujs.js?body=1" for 127.0.0.1 at 2014-02-20 13:35:22 -0800


Started GET "/assets/turbolinks.js?body=1" for 127.0.0.1 at 2014-02-20 13:35:22 -0800


Started GET "/assets/static_pages.js?body=1" for 127.0.0.1 at 2014-02-20 13:35:22 -0800


Started GET "/assets/users.js?body=1" for 127.0.0.1 at 2014-02-20 13:35:22 -0800


Started GET "/assets/application.js?body=1" for 127.0.0.1 at 2014-02-20 13:35:22 -0800


Started GET "/" for 127.0.0.1 at 2014-02-20 13:35:23 -0800
Processing by StaticPagesController#home as HTML
  Rendered static_pages/home.html.erb within layouts/application (5.0ms)
  Rendered layouts/_shim.html.erb (0.0ms)
  Rendered layouts/_header.html.erb (0.0ms)
  Rendered layouts/_footer.html.erb (0.0ms)
Completed 200 OK in 21ms (Views: 21.0ms | ActiveRecord: 0.0ms)


Started GET "/" for 127.0.0.1 at 2014-02-20 13:35:23 -0800
Processing by StaticPagesController#home as HTML
  Rendered static_pages/home.html.erb within layouts/application (6.0ms)
  Rendered layouts/_shim.html.erb (0.0ms)
  Rendered layouts/_header.html.erb (0.0ms)
  Rendered layouts/_footer.html.erb (1.0ms)
Completed 200 OK in 22ms (Views: 22.0ms | ActiveRecord: 0.0ms)


Started GET "/assets/application.css?body=1" for 127.0.0.1 at 2014-02-20 13:35:23 -0800


Started GET "/assets/custom.css?body=1" for 127.0.0.1 at 2014-02-20 13:35:24 -0800


Started GET "/assets/static_pages.css?body=1" for 127.0.0.1 at 2014-02-20 13:35:24 -0800


Started GET "/assets/users.css?body=1" for 127.0.0.1 at 2014-02-20 13:35:24 -0800


Started GET "/assets/jquery.js?body=1" for 127.0.0.1 at 2014-02-20 13:35:24 -0800


Started GET "/assets/jquery_ujs.js?body=1" for 127.0.0.1 at 2014-02-20 13:35:24 -0800


Started GET "/assets/turbolinks.js?body=1" for 127.0.0.1 at 2014-02-20 13:35:24 -0800


Started GET "/assets/static_pages.js?body=1" for 127.0.0.1 at 2014-02-20 13:35:24 -0800


Started GET "/assets/users.js?body=1" for 127.0.0.1 at 2014-02-20 13:35:24 -0800


Started GET "/assets/application.js?body=1" for 127.0.0.1 at 2014-02-20 13:35:24 -0800


Started GET "/images/rails.png" for 127.0.0.1 at 2014-02-20 13:35:24 -0800

ActionController::RoutingError (No route matches [GET] "/images/rails.png"):
  actionpack (4.0.2) lib/action_dispatch/middleware/debug_exceptions.rb:21:in `call'
  actionpack (4.0.2) lib/action_dispatch/middleware/show_exceptions.rb:30:in `call'
  railties (4.0.2) lib/rails/rack/logger.rb:38:in `call_app'
  railties (4.0.2) lib/rails/rack/logger.rb:20:in `block in call'
  activesupport (4.0.2) lib/active_support/tagged_logging.rb:67:in `block in tagged'
  activesupport (4.0.2) lib/active_support/tagged_logging.rb:25:in `tagged'
  activesupport (4.0.2) lib/active_support/tagged_logging.rb:67:in `tagged'
  railties (4.0.2) lib/rails/rack/logger.rb:20:in `call'
  actionpack (4.0.2) lib/action_dispatch/middleware/request_id.rb:21:in `call'
  rack (1.5.2) lib/rack/methodoverride.rb:21:in `call'
  rack (1.5.2) lib/rack/runtime.rb:17:in `call'
  activesupport (4.0.2) lib/active_support/cache/strategy/local_cache.rb:83:in `call'
  rack (1.5.2) lib/rack/lock.rb:17:in `call'
  actionpack (4.0.2) lib/action_dispatch/middleware/static.rb:64:in `call'
  rack (1.5.2) lib/rack/sendfile.rb:112:in `call'
  railties (4.0.2) lib/rails/engine.rb:511:in `call'
  railties (4.0.2) lib/rails/application.rb:97:in `call'
  rack (1.5.2) lib/rack/lock.rb:17:in `call'
  rack (1.5.2) lib/rack/content_length.rb:14:in `call'
  rack (1.5.2) lib/rack/handler/webrick.rb:60:in `service'
  C:/RailsInstaller/Ruby1.9.3/lib/ruby/1.9.1/webrick/httpserver.rb:138:in `service'
  C:/RailsInstaller/Ruby1.9.3/lib/ruby/1.9.1/webrick/httpserver.rb:94:in `run'
  C:/RailsInstaller/Ruby1.9.3/lib/ruby/1.9.1/webrick/server.rb:191:in `block in start_thread'


  Rendered C:/RailsInstaller/Ruby1.9.3/lib/ruby/gems/1.9.1/gems/actionpack-4.0.2/lib/action_dispatch/middleware/templates/rescues/_trace.erb (1.0ms)
  Rendered C:/RailsInstaller/Ruby1.9.3/lib/ruby/gems/1.9.1/gems/actionpack-4.0.2/lib/action_dispatch/middleware/templates/routes/_route.html.erb (1.0ms)
  Rendered C:/RailsInstaller/Ruby1.9.3/lib/ruby/gems/1.9.1/gems/actionpack-4.0.2/lib/action_dispatch/middleware/templates/routes/_table.html.erb (1.0ms)
  Rendered C:/RailsInstaller/Ruby1.9.3/lib/ruby/gems/1.9.1/gems/actionpack-4.0.2/lib/action_dispatch/middleware/templates/rescues/routing_error.erb within rescues/layout (45.0ms)


Started GET "/" for 127.0.0.1 at 2014-02-20 13:35:25 -0800
Processing by StaticPagesController#home as HTML
  Rendered static_pages/home.html.erb within layouts/application (16.0ms)
  Rendered layouts/_shim.html.erb (0.0ms)
  Rendered layouts/_header.html.erb (0.0ms)
  Rendered layouts/_footer.html.erb (0.0ms)
Completed 200 OK in 32ms (Views: 32.0ms | ActiveRecord: 0.0ms)


Started GET "/" for 127.0.0.1 at 2014-02-20 13:35:25 -0800
Processing by StaticPagesController#home as HTML
  Rendered static_pages/home.html.erb within layouts/application (5.0ms)
  Rendered layouts/_shim.html.erb (0.0ms)
  Rendered layouts/_header.html.erb (0.0ms)
  Rendered layouts/_footer.html.erb (1.0ms)
Completed 200 OK in 22ms (Views: 22.0ms | ActiveRecord: 0.0ms)


Started GET "/assets/application.css?body=1" for 127.0.0.1 at 2014-02-20 13:35:26 -0800


Started GET "/assets/custom.css?body=1" for 127.0.0.1 at 2014-02-20 13:35:26 -0800


Started GET "/assets/static_pages.css?body=1" for 127.0.0.1 at 2014-02-20 13:35:26 -0800


Started GET "/assets/users.css?body=1" for 127.0.0.1 at 2014-02-20 13:35:26 -0800


Started GET "/assets/jquery.js?body=1" for 127.0.0.1 at 2014-02-20 13:35:26 -0800


Started GET "/assets/jquery_ujs.js?body=1" for 127.0.0.1 at 2014-02-20 13:35:26 -0800


Started GET "/assets/turbolinks.js?body=1" for 127.0.0.1 at 2014-02-20 13:35:26 -0800


Started GET "/assets/static_pages.js?body=1" for 127.0.0.1 at 2014-02-20 13:35:26 -0800


Started GET "/assets/users.js?body=1" for 127.0.0.1 at 2014-02-20 13:35:26 -0800


Started GET "/assets/application.js?body=1" for 127.0.0.1 at 2014-02-20 13:35:26 -0800


Started GET "/images/rails.png" for 127.0.0.1 at 2014-02-20 13:35:26 -0800

ActionController::RoutingError (No route matches [GET] "/images/rails.png"):
  actionpack (4.0.2) lib/action_dispatch/middleware/debug_exceptions.rb:21:in `call'
  actionpack (4.0.2) lib/action_dispatch/middleware/show_exceptions.rb:30:in `call'
  railties (4.0.2) lib/rails/rack/logger.rb:38:in `call_app'
  railties (4.0.2) lib/rails/rack/logger.rb:20:in `block in call'
  activesupport (4.0.2) lib/active_support/tagged_logging.rb:67:in `block in tagged'
  activesupport (4.0.2) lib/active_support/tagged_logging.rb:25:in `tagged'
  activesupport (4.0.2) lib/active_support/tagged_logging.rb:67:in `tagged'
  railties (4.0.2) lib/rails/rack/logger.rb:20:in `call'
  actionpack (4.0.2) lib/action_dispatch/middleware/request_id.rb:21:in `call'
  rack (1.5.2) lib/rack/methodoverride.rb:21:in `call'
  rack (1.5.2) lib/rack/runtime.rb:17:in `call'
  activesupport (4.0.2) lib/active_support/cache/strategy/local_cache.rb:83:in `call'
  rack (1.5.2) lib/rack/lock.rb:17:in `call'
  actionpack (4.0.2) lib/action_dispatch/middleware/static.rb:64:in `call'
  rack (1.5.2) lib/rack/sendfile.rb:112:in `call'
  railties (4.0.2) lib/rails/engine.rb:511:in `call'
  railties (4.0.2) lib/rails/application.rb:97:in `call'
  rack (1.5.2) lib/rack/lock.rb:17:in `call'
  rack (1.5.2) lib/rack/content_length.rb:14:in `call'
  rack (1.5.2) lib/rack/handler/webrick.rb:60:in `service'
  C:/RailsInstaller/Ruby1.9.3/lib/ruby/1.9.1/webrick/httpserver.rb:138:in `service'
  C:/RailsInstaller/Ruby1.9.3/lib/ruby/1.9.1/webrick/httpserver.rb:94:in `run'
  C:/RailsInstaller/Ruby1.9.3/lib/ruby/1.9.1/webrick/server.rb:191:in `block in start_thread'


  Rendered C:/RailsInstaller/Ruby1.9.3/lib/ruby/gems/1.9.1/gems/actionpack-4.0.2/lib/action_dispatch/middleware/templates/rescues/_trace.erb (14.0ms)
  Rendered C:/RailsInstaller/Ruby1.9.3/lib/ruby/gems/1.9.1/gems/actionpack-4.0.2/lib/action_dispatch/middleware/templates/routes/_route.html.erb (1.0ms)
  Rendered C:/RailsInstaller/Ruby1.9.3/lib/ruby/gems/1.9.1/gems/actionpack-4.0.2/lib/action_dispatch/middleware/templates/routes/_table.html.erb (1.0ms)
  Rendered C:/RailsInstaller/Ruby1.9.3/lib/ruby/gems/1.9.1/gems/actionpack-4.0.2/lib/action_dispatch/middleware/templates/rescues/routing_error.erb within rescues/layout (46.0ms)


Started GET "/" for 127.0.0.1 at 2014-02-20 13:35:29 -0800
Processing by StaticPagesController#home as HTML
  Rendered static_pages/home.html.erb within layouts/application (8.0ms)
  Rendered layouts/_shim.html.erb (0.0ms)
  Rendered layouts/_header.html.erb (0.0ms)
  Rendered layouts/_footer.html.erb (0.0ms)
Completed 200 OK in 24ms (Views: 23.8ms | ActiveRecord: 0.0ms)


Started GET "/assets/application.css?body=1" for 127.0.0.1 at 2014-02-20 13:35:29 -0800


Started GET "/assets/custom.css?body=1" for 127.0.0.1 at 2014-02-20 13:35:29 -0800


Started GET "/assets/static_pages.css?body=1" for 127.0.0.1 at 2014-02-20 13:35:29 -0800


Started GET "/assets/users.css?body=1" for 127.0.0.1 at 2014-02-20 13:35:29 -0800


Started GET "/assets/jquery.js?body=1" for 127.0.0.1 at 2014-02-20 13:35:29 -0800


Started GET "/assets/jquery_ujs.js?body=1" for 127.0.0.1 at 2014-02-20 13:35:29 -0800


Started GET "/assets/turbolinks.js?body=1" for 127.0.0.1 at 2014-02-20 13:35:30 -0800


Started GET "/assets/static_pages.js?body=1" for 127.0.0.1 at 2014-02-20 13:35:30 -0800


Started GET "/assets/users.js?body=1" for 127.0.0.1 at 2014-02-20 13:35:30 -0800


Started GET "/assets/application.js?body=1" for 127.0.0.1 at 2014-02-20 13:35:30 -0800


Started GET "/images/rails.png" for 127.0.0.1 at 2014-02-20 13:35:30 -0800

ActionController::RoutingError (No route matches [GET] "/images/rails.png"):
  actionpack (4.0.2) lib/action_dispatch/middleware/debug_exceptions.rb:21:in `call'
  actionpack (4.0.2) lib/action_dispatch/middleware/show_exceptions.rb:30:in `call'
  railties (4.0.2) lib/rails/rack/logger.rb:38:in `call_app'
  railties (4.0.2) lib/rails/rack/logger.rb:20:in `block in call'
  activesupport (4.0.2) lib/active_support/tagged_logging.rb:67:in `block in tagged'
  activesupport (4.0.2) lib/active_support/tagged_logging.rb:25:in `tagged'
  activesupport (4.0.2) lib/active_support/tagged_logging.rb:67:in `tagged'
  railties (4.0.2) lib/rails/rack/logger.rb:20:in `call'
  actionpack (4.0.2) lib/action_dispatch/middleware/request_id.rb:21:in `call'
  rack (1.5.2) lib/rack/methodoverride.rb:21:in `call'
  rack (1.5.2) lib/rack/runtime.rb:17:in `call'
  activesupport (4.0.2) lib/active_support/cache/strategy/local_cache.rb:83:in `call'
  rack (1.5.2) lib/rack/lock.rb:17:in `call'
  actionpack (4.0.2) lib/action_dispatch/middleware/static.rb:64:in `call'
  rack (1.5.2) lib/rack/sendfile.rb:112:in `call'
  railties (4.0.2) lib/rails/engine.rb:511:in `call'
  railties (4.0.2) lib/rails/application.rb:97:in `call'
  rack (1.5.2) lib/rack/lock.rb:17:in `call'
  rack (1.5.2) lib/rack/content_length.rb:14:in `call'
  rack (1.5.2) lib/rack/handler/webrick.rb:60:in `service'
  C:/RailsInstaller/Ruby1.9.3/lib/ruby/1.9.1/webrick/httpserver.rb:138:in `service'
  C:/RailsInstaller/Ruby1.9.3/lib/ruby/1.9.1/webrick/httpserver.rb:94:in `run'
  C:/RailsInstaller/Ruby1.9.3/lib/ruby/1.9.1/webrick/server.rb:191:in `block in start_thread'


  Rendered C:/RailsInstaller/Ruby1.9.3/lib/ruby/gems/1.9.1/gems/actionpack-4.0.2/lib/action_dispatch/middleware/templates/rescues/_trace.erb (1.0ms)
  Rendered C:/RailsInstaller/Ruby1.9.3/lib/ruby/gems/1.9.1/gems/actionpack-4.0.2/lib/action_dispatch/middleware/templates/routes/_route.html.erb (1.0ms)
  Rendered C:/RailsInstaller/Ruby1.9.3/lib/ruby/gems/1.9.1/gems/actionpack-4.0.2/lib/action_dispatch/middleware/templates/routes/_table.html.erb (1.0ms)
  Rendered C:/RailsInstaller/Ruby1.9.3/lib/ruby/gems/1.9.1/gems/actionpack-4.0.2/lib/action_dispatch/middleware/templates/rescues/routing_error.erb within rescues/layout (41.9ms)
